TOTAL TESTING SCORE: 81.4%

- - - - - - - - - - - - - - - - - - - - - - - - - - - - - - - - - - - - - - 

SUMMARY BY TEST SET

Test Set                                      Pts Max  % Ttl  % Max
--------------------------------------------- --- --- ------ ------
tests/userprog/Rubric.functionality           108/108  35.0%/ 35.0%
tests/userprog/Rubric.robustness               86/ 88  24.4%/ 25.0%
tests/userprog/no-vm/Rubric                     0/  1   0.0%/ 10.0%
tests/filesys/base/Rubric                      22/ 30  22.0%/ 30.0%
--------------------------------------------- --- --- ------ ------
Total                                                  81.4%/100.0%

- - - - - - - - - - - - - - - - - - - - - - - - - - - - - - - - - - - - - - 

SUMMARY OF INDIVIDUAL TESTS

Functionality of system calls (tests/userprog/Rubric.functionality):
	- Test argument passing on Pintos command line.
	     3/ 3 tests/userprog/args-none
	     3/ 3 tests/userprog/args-single
	     3/ 3 tests/userprog/args-multiple
	     3/ 3 tests/userprog/args-many
	     3/ 3 tests/userprog/args-dbl-space

	- Test "create" system call.
	     3/ 3 tests/userprog/create-empty
	     3/ 3 tests/userprog/create-long
	     3/ 3 tests/userprog/create-normal
	     3/ 3 tests/userprog/create-exists

	- Test "open" system call.
	     3/ 3 tests/userprog/open-missing
	     3/ 3 tests/userprog/open-normal
	     3/ 3 tests/userprog/open-twice

	- Test "read" system call.
	     3/ 3 tests/userprog/read-normal
	     3/ 3 tests/userprog/read-zero

	- Test "write" system call.
	     3/ 3 tests/userprog/write-normal
	     3/ 3 tests/userprog/write-zero

	- Test "close" system call.
	     3/ 3 tests/userprog/close-normal

	- Test "exec" system call.
	     5/ 5 tests/userprog/exec-once
	     5/ 5 tests/userprog/exec-multiple
	     5/ 5 tests/userprog/exec-arg

	- Test "wait" system call.
	     5/ 5 tests/userprog/wait-simple
	     5/ 5 tests/userprog/wait-twice

	- Test "exit" system call.
	     5/ 5 tests/userprog/exit

	- Test "halt" system call.
	     3/ 3 tests/userprog/halt

	- Test recursive execution of user programs.
	    15/15 tests/userprog/multi-recurse

	- Test read-only executable feature.
	     3/ 3 tests/userprog/rox-simple
	     3/ 3 tests/userprog/rox-child
	     3/ 3 tests/userprog/rox-multichild

	- Section summary.
	     28/ 28 tests passed
	    108/108 points subtotal

Robustness of system calls (tests/userprog/Rubric.robustness):
	- Test robustness of file descriptor handling.
	     2/ 2 tests/userprog/close-stdin
	     2/ 2 tests/userprog/close-stdout
	     2/ 2 tests/userprog/close-bad-fd
	     2/ 2 tests/userprog/close-twice
	     2/ 2 tests/userprog/read-bad-fd
	     2/ 2 tests/userprog/read-stdout
	  ** 0/ 2 tests/userprog/write-bad-fd
	     2/ 2 tests/userprog/write-stdin
	     2/ 2 tests/userprog/multi-child-fd

	- Test robustness of pointer handling.
	     3/ 3 tests/userprog/create-bad-ptr
	     3/ 3 tests/userprog/exec-bad-ptr
	     3/ 3 tests/userprog/open-bad-ptr
	     3/ 3 tests/userprog/read-bad-ptr
	     3/ 3 tests/userprog/write-bad-ptr

	- Test robustness of buffer copying across page boundaries.
	     3/ 3 tests/userprog/create-bound
	     3/ 3 tests/userprog/open-boundary
	     3/ 3 tests/userprog/read-boundary
	     3/ 3 tests/userprog/write-boundary

	- Test handling of null pointer and empty strings.
	     2/ 2 tests/userprog/create-null
	     2/ 2 tests/userprog/open-null
	     2/ 2 tests/userprog/open-empty

	- Test robustness of system call implementation.
	     3/ 3 tests/userprog/sc-bad-arg
	     3/ 3 tests/userprog/sc-bad-sp
	     5/ 5 tests/userprog/sc-boundary
	     5/ 5 tests/userprog/sc-boundary-2

	- Test robustness of "exec" and "wait" system calls.
	     5/ 5 tests/userprog/exec-missing
	     5/ 5 tests/userprog/wait-bad-pid
	     5/ 5 tests/userprog/wait-killed

	- Test robustness of exception handling.
	     1/ 1 tests/userprog/bad-read
	     1/ 1 tests/userprog/bad-write
	     1/ 1 tests/userprog/bad-jump
	     1/ 1 tests/userprog/bad-read2
	     1/ 1 tests/userprog/bad-write2
	     1/ 1 tests/userprog/bad-jump2

	- Section summary.
	     33/ 34 tests passed
	     86/ 88 points subtotal

Functionality of features that VM might break (tests/userprog/no-vm/Rubric):

	  ** 0/ 1 tests/userprog/no-vm/multi-oom

	- Section summary.
	      0/  1 tests passed
	      0/  1 points subtotal

Functionality of base file system (tests/filesys/base/Rubric):
	- Test basic support for small files.
	     1/ 1 tests/filesys/base/sm-create
	     2/ 2 tests/filesys/base/sm-full
	     2/ 2 tests/filesys/base/sm-random
	     2/ 2 tests/filesys/base/sm-seq-block
	     3/ 3 tests/filesys/base/sm-seq-random

	- Test basic support for large files.
	     1/ 1 tests/filesys/base/lg-create
	     2/ 2 tests/filesys/base/lg-full
	     2/ 2 tests/filesys/base/lg-random
	     2/ 2 tests/filesys/base/lg-seq-block
	     3/ 3 tests/filesys/base/lg-seq-random

	- Test synchronized multiprogram access to files.
	  ** 0/ 4 tests/filesys/base/syn-read
	  ** 0/ 4 tests/filesys/base/syn-write
	     2/ 2 tests/filesys/base/syn-remove

	- Section summary.
	     11/ 13 tests passed
	     22/ 30 points subtotal


- - - - - - - - - - - - - - - - - - - - - - - - - - - - - - - - - - - - - - 

DETAILS OF tests/userprog/write-bad-fd FAILURE:

Kernel panic in run: PANIC at ../../lib/kernel/list.c:84 in list_next(): assertion `is_head (elem) || is_interior (elem)' failed.
Call stack: 0xc011be34
Translation of call stack:
0xc011be34: (unknown)

OUTPUT FROM tests/userprog/write-bad-fd:

Copying tests/userprog/write-bad-fd into /tmp/Znl18bMp2Z.dsk...
Writing command line to /tmp/ZowOAs6vF1.dsk...
warning: can't find squish-pty, so terminal input will fail
bochs -q
Kernel command line: -q -f put write-bad-fd run write-bad-fd
Pintos booting with 4,096 kB RAM...
374 pages available in kernel pool.
374 pages available in user pool.
Calibrating timer...  204,600 loops/s.
hd0:0: detected 1,008 sector (504 kB) disk, model "Generic 1234", serial "BXHD00011"
hd0:1: detected 4,032 sector (1 MB) disk, model "Generic 1234", serial "BXHD00012"
hd1:0: detected 1,008 sector (504 kB) disk, model "Generic 1234", serial "BXHD00021"
Formatting file system...done.
Boot complete.
Putting 'write-bad-fd' into the file system...
Executing 'write-bad-fd':
(write-bad-fd) begin
Kernel PANIC at ../../lib/kernel/list.c:84 in list_next(): assertion `is_head (elem) || is_interior (elem)' failed.
Call stack: 0xc011be34Page fault at 0x54: not present error reading page in kernel context.
Interrupt 0x0e (#PF Page-Fault Exception) at eip=0xc0105802
 cr2=00000054 error=00000000
 eax=00000054 ebx=00000054 ecx=c011bd60 edx=000003d4
 esi=c010dae0 edi=c010f1ed esp=c010ef37 ebp=c011bdf4
 cs=0008 ds=0010 es=0010 ss=be34
Kernel PANIC recursion at ../../userprog/exception.c:102 in kill().
Timer: 298 ticks
Thread: 30 idle ticks, 195 kernel ticks, 73 user ticks
hd0:0: 0 reads, 0 writes
hd0:1: 59 reads, 216 writes
hd1:0: 104 reads, 0 writes
Console: 1255 characters output
Keyboard: 0 keys pressed
Exception: 1 page faults
Powering off...

- - - - - - - - - - - - - - - - - - - - - - - - - - - - - - - - - - - - - - 

DETAILS OF tests/userprog/no-vm/multi-oom FAILURE:

Kernel panic in run: PANIC at ../../lib/kernel/list.c:84 in list_next(): assertion `is_head (elem) || is_interior (elem)' failed.
Call stack: 0xc0139dd4
Translation of call stack:
0xc0139dd4: (unknown)

OUTPUT FROM tests/userprog/no-vm/multi-oom:

Copying tests/userprog/no-vm/multi-oom into /tmp/GpI8z_WX1I.dsk...
Writing command line to /tmp/B1TgtlRJv7.dsk...
warning: can't find squish-pty, so terminal input will fail
bochs -q
Kernel command line: -q -f put multi-oom run multi-oom
Pintos booting with 4,096 kB RAM...
374 pages available in kernel pool.
374 pages available in user pool.
Calibrating timer...  204,600 loops/s.
hd0:0: detected 1,008 sector (504 kB) disk, model "Generic 1234", serial "BXHD00011"
hd0:1: detected 4,032 sector (1 MB) disk, model "Generic 1234", serial "BXHD00012"
hd1:0: detected 1,008 sector (504 kB) disk, model "Generic 1234", serial "BXHD00021"
Formatting file system...done.
Boot complete.
Putting 'multi-oom' into the file system...
Executing 'multi-oom':
(multi-oom) begin
Kernel PANIC at ../../lib/kernel/list.c:84 in list_next(): assertion `is_head (elem) || is_interior (elem)' failed.
Call stack: 0xc0139dd4Page fault at 0x54: not present error reading page in kernel context.
Interrupt 0x0e (#PF Page-Fault Exception) at eip=0xc0105802
 cr2=00000054 error=00000000
 eax=00000054 ebx=00000054 ecx=c0139d00 edx=000003d4
 esi=c010dae0 edi=c010f1ed esp=c010ef37 ebp=c0139d94
 cs=0008 ds=0010 es=0010 ss=9dd4
Kernel PANIC recursion at ../../userprog/exception.c:102 in kill().
Timer: 608 ticks
Thread: 30 idle ticks, 229 kernel ticks, 349 user ticks
hd0:0: 0 reads, 0 writes
hd0:1: 337 reads, 250 writes
hd1:0: 121 reads, 0 writes
Console: 1242 characters output
Keyboard: 0 keys pressed
Exception: 1 page faults
Powering off...

- - - - - - - - - - - - - - - - - - - - - - - - - - - - - - - - - - - - - - 

DETAILS OF tests/filesys/base/syn-read FAILURE:

Kernel panic in run: PANIC at ../../lib/kernel/list.c:84 in list_next(): assertion `is_head (elem) || is_interior (elem)' failed.
Call stack: 0xc0121dc4
Translation of call stack:
0xc0121dc4: (unknown)

OUTPUT FROM tests/filesys/base/syn-read:

Copying tests/filesys/base/syn-read into /tmp/ZdlcimxWl7.dsk...
Copying tests/filesys/base/child-syn-read into /tmp/ZdlcimxWl7.dsk...
Writing command line to /tmp/jb3Lvgs2n6.dsk...
warning: can't find squish-pty, so terminal input will fail
bochs -q
Kernel command line: -q -f put syn-read put child-syn-read run syn-read
Pintos booting with 4,096 kB RAM...
374 pages available in kernel pool.
374 pages available in user pool.
Calibrating timer...  204,600 loops/s.
hd0:0: detected 1,008 sector (504 kB) disk, model "Generic 1234", serial "BXHD00011"
hd0:1: detected 4,032 sector (1 MB) disk, model "Generic 1234", serial "BXHD00012"
hd1:0: detected 1,008 sector (504 kB) disk, model "Generic 1234", serial "BXHD00021"
Formatting file system...done.
Boot complete.
Putting 'syn-read' into the file system...
Putting 'child-syn-read' into the file system...
Executing 'syn-read':
(syn-read) begin
(syn-read) create "data"
(syn-read) open "data"
(syn-read) write "data"
(syn-read) close "data"
(syn-read) exec child 1 of 10: "child-syn-read 0"
(syn-read) exec child 2 of 10: "child-syn-read 1"
Kernel PANIC at ../../lib/kernel/list.c:84 in list_next(): assertion `is_head (elem) || is_interior (elem)' failed.
Call stack: 0xc0121dc4Page fault at 0x54: not present error reading page in kernel context.
Interrupt 0x0e (#PF Page-Fault Exception) at eip=0xc0105802
 cr2=00000054 error=00000000
 eax=00000054 ebx=00000054 ecx=c0121cf0 edx=000003d4
 esi=c010dae0 edi=c010f1ed esp=c010ef37 ebp=c0121d84
 cs=0008 ds=0010 es=0010 ss=1dc4
Kernel PANIC recursion at ../../userprog/exception.c:102 in kill().
Timer: 589 ticks
Thread: 30 idle ticks, 305 kernel ticks, 254 user ticks
hd0:0: 0 reads, 0 writes
hd0:1: 211 reads, 476 writes
hd1:0: 229 reads, 0 writes
Console: 1501 characters output
Keyboard: 0 keys pressed
Exception: 1 page faults
Powering off...

- - - - - - - - - - - - - - - - - - - - - - - - - - - - - - - - - - - - - - 

DETAILS OF tests/filesys/base/syn-write FAILURE:

Kernel panic in run: PANIC at ../../userprog/exception.c:102 in kill(): Kernel bug - unexpected interrupt in kernel
Call stack: 0xc0120db8
Translation of call stack:
0xc0120db8: (unknown)

OUTPUT FROM tests/filesys/base/syn-write:

Copying tests/filesys/base/syn-write into /tmp/QNxBnIhqp7.dsk...
Copying tests/filesys/base/child-syn-wrt into /tmp/QNxBnIhqp7.dsk...
Writing command line to /tmp/mloD0zP3AT.dsk...
warning: can't find squish-pty, so terminal input will fail
bochs -q
Kernel command line: -q -f put syn-write put child-syn-wrt run syn-write
Pintos booting with 4,096 kB RAM...
374 pages available in kernel pool.
374 pages available in user pool.
Calibrating timer...  204,600 loops/s.
hd0:0: detected 1,008 sector (504 kB) disk, model "Generic 1234", serial "BXHD00011"
hd0:1: detected 4,032 sector (1 MB) disk, model "Generic 1234", serial "BXHD00012"
hd1:0: detected 1,008 sector (504 kB) disk, model "Generic 1234", serial "BXHD00021"
Formatting file system...done.
Boot complete.
Putting 'syn-write' into the file system...
Putting 'child-syn-wrt' into the file system...
Executing 'syn-write':
(syn-write) begin
(syn-write) create "stuff"
(syn-write) exec child 1 of 10: "child-syn-wrt 0"
(syn-write) exec child 2 of 10: "child-syn-wrt 1"
child-syn-wrt: exit(0)
Page fault at 0x1c: not present error reading page in kernel context.
Interrupt 0x0e (#PF Page-Fault Exception) at eip=0xc0102d95
 cr2=0000001c error=00000000
 eax=00000000 ebx=c0111f00 ecx=c011b000 edx=0000001f
 esi=c011a08c edi=c0120000 esp=c0111f00 ebp=c0120eb4
 cs=0008 ds=0010 es=0010 ss=0008
Kernel PANIC at ../../userprog/exception.c:102 in kill(): Kernel bug - unexpected interrupt in kernel
Call stack: 0xc0120db8Page fault at 0x66: not pre(syn-write) exec child 3 of 10: sent error reading page in kernel cont"child-syn-wrt 2"
ext.
Interrupt 0x0e (#PF Page-Fault Exception) at eip=0xc010child-syn-5802
 cr2=00000066 error=0000wrt: exit(1)
0000
 eax=00000066 ebx=00000066 ecx=c0120ce4 edx=000003d4
 esi=c010dc53 edi=c010f695 esp=c010ef37 ebp=c0120d78
 cs=0008 ds=0010 es=0010 ss=0db8
Kernel PANIC recursion at ../../userprog/exception.c:102 in kill().
Timer: 650 ticks
Thread: 30 idle ticks, 309 kernel ticks, 311 user ticks
hd0:0: 0 reads, 0 writes
hd0:1: 216 reads, 482 writes
hd1:0: 228 reads, 0 writes
Console: 1815 characters output
Keyboard: 0 keys pressed
Exception: 2 page faults
Powering off...
